<?xml version="1.0" encoding="UTF-8" ?>
<testsuite tests="1" failures="1" name="test.junit.features.search.SearchOnImdbTest" time="13.332" errors="0" skipped="0">
  <properties>
    <property name="java.runtime.name" value="Java(TM) SE Runtime Environment"/>
    <property name="sun.boot.library.path" value="C:\Program Files\Java\jdk1.8.0_45\jre\bin"/>
    <property name="java.vm.version" value="25.45-b02"/>
    <property name="user.country.format" value="RO"/>
    <property name="java.vm.vendor" value="Oracle Corporation"/>
    <property name="java.vendor.url" value="http://java.oracle.com/"/>
    <property name="path.separator" value=";"/>
    <property name="guice.disable.misplaced.annotation.check" value="true"/>
    <property name="java.vm.name" value="Java HotSpot(TM) 64-Bit Server VM"/>
    <property name="file.encoding.pkg" value="sun.io"/>
    <property name="user.script" value=""/>
    <property name="user.country" value="US"/>
    <property name="sun.java.launcher" value="SUN_STANDARD"/>
    <property name="sun.os.patch.level" value="Service Pack 1"/>
    <property name="java.vm.specification.name" value="Java Virtual Machine Specification"/>
    <property name="user.dir" value="D:\workshop\ws1\WS1"/>
    <property name="java.runtime.version" value="1.8.0_45-b15"/>
    <property name="java.awt.graphicsenv" value="sun.awt.Win32GraphicsEnvironment"/>
    <property name="java.endorsed.dirs" value="C:\Program Files\Java\jdk1.8.0_45\jre\lib\endorsed"/>
    <property name="os.arch" value="amd64"/>
    <property name="java.io.tmpdir" value="C:\Users\Remus\AppData\Local\Temp\"/>
    <property name="line.separator" value="
"/>
    <property name="java.vm.specification.vendor" value="Oracle Corporation"/>
    <property name="user.variant" value=""/>
    <property name="os.name" value="Windows 7"/>
    <property name="classworlds.conf" value="C:\work\mvn\bin\m2.conf"/>
    <property name="sun.jnu.encoding" value="Cp1250"/>
    <property name="java.library.path" value="C:\Program Files\Java\jdk1.8.0_45\bin;C:\windows\Sun\Java\bin;C:\windows\system32;C:\windows;C:\ProgramData\Oracle\Java\javapath;D:\app\Remus\product\11.2.0\dbhome_1\bin;C:\work\mvn\bin;C:\Program Files (x86)\NVIDIA Corporation\PhysX\Common;C:\Program Files\Common Files\Microsoft Shared\Windows Live;C:\Program Files (x86)\Common Files\Microsoft Shared\Windows Live;C:\windows\system32;C:\windows;C:\windows\System32\Wbem;C:\windows\System32\WindowsPowerShell\v1.0\;C:\Program Files (x86)\Windows Live\Shared;C:\Program Files (x86)\Toshiba\Bluetooth Toshiba Stack\sys\;C:\Program Files (x86)\Toshiba\Bluetooth Toshiba Stack\sys\x64\;c:\Program Files (x86)\Common Files\Ulead Systems\MPEG;C:\Program Files\Java\jdk1.7\bin;C:\Program Files (x86)\Git\cmd;C:\Program Files\OpenVPN\bin;C:\Program Files\TortoiseGit\bin;C:\Program Files (x86)\Skype\Phone\;C:\Program Files\apache-maven-3.3.3;."/>
    <property name="java.specification.name" value="Java Platform API Specification"/>
    <property name="java.class.version" value="52.0"/>
    <property name="sun.management.compiler" value="HotSpot 64-Bit Tiered Compilers"/>
    <property name="os.version" value="6.1"/>
    <property name="user.home" value="C:\Users\Remus"/>
    <property name="user.timezone" value="Europe/Athens"/>
    <property name="java.awt.printerjob" value="sun.awt.windows.WPrinterJob"/>
    <property name="java.specification.version" value="1.8"/>
    <property name="file.encoding" value="Cp1250"/>
    <property name="user.name" value="Remus"/>
    <property name="java.class.path" value="C:\work\mvn\boot\plexus-classworlds-2.5.1.jar"/>
    <property name="org.slf4j.simpleLogger.defaultLogLevel" value="info"/>
    <property name="java.vm.specification.version" value="1.8"/>
    <property name="sun.arch.data.model" value="64"/>
    <property name="java.home" value="C:\Program Files\Java\jdk1.8.0_45\jre"/>
    <property name="sun.java.command" value="org.codehaus.plexus.classworlds.launcher.Launcher clean verify"/>
    <property name="java.specification.vendor" value="Oracle Corporation"/>
    <property name="user.language" value="en"/>
    <property name="user.language.format" value="ro"/>
    <property name="awt.toolkit" value="sun.awt.windows.WToolkit"/>
    <property name="java.vm.info" value="mixed mode"/>
    <property name="java.version" value="1.8.0_45"/>
    <property name="java.ext.dirs" value="C:\Program Files\Java\jdk1.8.0_45\jre\lib\ext;C:\windows\Sun\Java\lib\ext"/>
    <property name="sun.boot.class.path" value="C:\Program Files\Java\jdk1.8.0_45\jre\lib\resources.jar;C:\Program Files\Java\jdk1.8.0_45\jre\lib\rt.jar;C:\Program Files\Java\jdk1.8.0_45\jre\lib\sunrsasign.jar;C:\Program Files\Java\jdk1.8.0_45\jre\lib\jsse.jar;C:\Program Files\Java\jdk1.8.0_45\jre\lib\jce.jar;C:\Program Files\Java\jdk1.8.0_45\jre\lib\charsets.jar;C:\Program Files\Java\jdk1.8.0_45\jre\lib\jfr.jar;C:\Program Files\Java\jdk1.8.0_45\jre\classes"/>
    <property name="sun.stderr.encoding" value="cp852"/>
    <property name="java.vendor" value="Oracle Corporation"/>
    <property name="maven.home" value="C:\work\mvn"/>
    <property name="file.separator" value="\"/>
    <property name="java.vendor.url.bug" value="http://bugreport.sun.com/bugreport/"/>
    <property name="sun.cpu.endian" value="little"/>
    <property name="sun.io.unicode.encoding" value="UnicodeLittle"/>
    <property name="sun.stdout.encoding" value="cp852"/>
    <property name="sun.desktop" value="windows"/>
    <property name="sun.cpu.isalist" value="amd64"/>
  </properties>
  <testcase classname="test.junit.features.search.SearchOnImdbTest" name="searchByKeyword" time="13.332">
    <failure type="java.lang.AssertionError">java.lang.AssertionError
	at test.junit.steps.search.SearchSteps.verifyIfSearchResultsContain(SearchSteps.java:37)
	at test.junit.features.search.SearchOnImdbTest.searchByKeyword(SearchOnImdbTest.java:43)
</failure>
    <system-out>java.lang.AssertionError
</system-out>
    <system-err>25767 [main] INFO net.thucydides.core.reports.ReportService - Reporting formats: [JSON, XML, HTML]
25768 [main] INFO net.thucydides.core.reports.ReportService - Found reporter: net.thucydides.core.reports.xml.XMLTestOutcomeReporter@1921994e(format = Optional.of(XML))
25768 [main] INFO net.thucydides.core.reports.ReportService - Registering reporter: net.thucydides.core.reports.xml.XMLTestOutcomeReporter@1921994e
25768 [main] INFO net.thucydides.core.reports.ReportService - Found reporter: net.thucydides.core.reports.json.JSONTestOutcomeReporter@43c87306(format = Optional.of(JSON))
25768 [main] INFO net.thucydides.core.reports.ReportService - Registering reporter: net.thucydides.core.reports.json.JSONTestOutcomeReporter@43c87306
25768 [main] INFO net.thucydides.core.reports.ReportService - Found reporter: net.thucydides.core.reports.html.HtmlAcceptanceTestReporter@14f40030(format = Optional.of(HTML))
25768 [main] INFO net.thucydides.core.reports.ReportService - Registering reporter: net.thucydides.core.reports.html.HtmlAcceptanceTestReporter@14f40030
25769 [main] INFO net.thucydides.core.reports.ReportService - Generating reports using: net.thucydides.core.reports.xml.XMLTestOutcomeReporter@1921994e
25769 [main] INFO net.thucydides.core.reports.junit.JUnitXMLOutcomeReporter - GENERATING JUNIT REPORTS
25769 [main] INFO net.thucydides.core.reports.junit.JUnitXMLOutcomeReporter - GENERATING JUNIT REPORT SERENITY-JUNIT-260479227b297e5cbbe19b86aa0233521b84a169e7c9f70ea2005993281a53ca.xml
25770 [pool-4-thread-1] INFO net.thucydides.core.reports.ReportService - Processing test outcome Regiter to imdb test:tegisterToImdb
25770 [pool-4-thread-1] INFO net.thucydides.core.reports.ReportService - net.thucydides.core.reports.xml.XMLTestOutcomeReporter@1921994e: Generating report for test outcome: Regiter to imdb test:tegisterToImdb
25774 [pool-4-thread-1] INFO net.thucydides.core.reports.xml.XMLTestOutcomeReporter - Generating XML report for Tegister to imdb to file D:\workshop\ws1\WS1\target\site\serenity\260479227b297e5cbbe19b86aa0233521b84a169e7c9f70ea2005993281a53ca.xml
25775 [pool-4-thread-1] INFO net.thucydides.core.reports.xml.XMLTestOutcomeReporter - XML report generated (D:\workshop\ws1\WS1\target\site\serenity\260479227b297e5cbbe19b86aa0233521b84a169e7c9f70ea2005993281a53ca.xml bytes) 1031
25779 [pool-4-thread-1] INFO net.thucydides.core.reports.ReportService - Report generated for Regiter to imdb test:tegisterToImdb
25828 [main] INFO net.thucydides.core.reports.ReportService - Reports generated in: 59
25828 [main] INFO net.thucydides.core.reports.ReportService - Generating reports using: net.thucydides.core.reports.json.JSONTestOutcomeReporter@43c87306
25828 [main] INFO net.thucydides.core.reports.junit.JUnitXMLOutcomeReporter - GENERATING JUNIT REPORTS
25828 [pool-5-thread-1] INFO net.thucydides.core.reports.ReportService - Processing test outcome Regiter to imdb test:tegisterToImdb
25828 [main] INFO net.thucydides.core.reports.junit.JUnitXMLOutcomeReporter - GENERATING JUNIT REPORT SERENITY-JUNIT-260479227b297e5cbbe19b86aa0233521b84a169e7c9f70ea2005993281a53ca.xml
25828 [pool-5-thread-1] INFO net.thucydides.core.reports.ReportService - net.thucydides.core.reports.json.JSONTestOutcomeReporter@43c87306: Generating report for test outcome: Regiter to imdb test:tegisterToImdb
25834 [pool-5-thread-1] INFO net.thucydides.core.reports.ReportService - Report generated for Regiter to imdb test:tegisterToImdb
25882 [main] INFO net.thucydides.core.reports.ReportService - Reports generated in: 54
25882 [main] INFO net.thucydides.core.reports.ReportService - Generating reports using: net.thucydides.core.reports.html.HtmlAcceptanceTestReporter@14f40030
25882 [main] INFO net.thucydides.core.reports.junit.JUnitXMLOutcomeReporter - GENERATING JUNIT REPORTS
25882 [pool-6-thread-1] INFO net.thucydides.core.reports.ReportService - Processing test outcome Regiter to imdb test:tegisterToImdb
25882 [main] INFO net.thucydides.core.reports.junit.JUnitXMLOutcomeReporter - GENERATING JUNIT REPORT SERENITY-JUNIT-260479227b297e5cbbe19b86aa0233521b84a169e7c9f70ea2005993281a53ca.xml
25882 [pool-6-thread-1] INFO net.thucydides.core.reports.ReportService - net.thucydides.core.reports.html.HtmlAcceptanceTestReporter@14f40030: Generating report for test outcome: Regiter to imdb test:tegisterToImdb
25888 [pool-6-thread-1] INFO net.thucydides.core.reports.html.screenshots.ScreenshotFormatter - Resizing image target\site\serenity\878503e3822047a40352c32b9910a46f_NONE.png
25890 [pool-6-thread-1] INFO net.thucydides.core.reports.html.screenshots.ScreenshotFormatter - Scaled image saved to target\site\serenity\scaled_878503e3822047a40352c32b9910a46f_NONE.png
25890 [pool-6-thread-1] INFO net.thucydides.core.reports.html.screenshots.ScreenshotFormatter - Replace original screenshot with scaled version
25891 [pool-6-thread-1] INFO net.thucydides.core.reports.html.screenshots.ScreenshotFormatter - Resizing image target\site\serenity\15d9d248fcc20e154f81f31d9c91003f_NONE.png
25894 [pool-6-thread-1] INFO net.thucydides.core.reports.html.screenshots.ScreenshotFormatter - Scaled image saved to target\site\serenity\scaled_15d9d248fcc20e154f81f31d9c91003f_NONE.png
25895 [pool-6-thread-1] INFO net.thucydides.core.reports.html.screenshots.ScreenshotFormatter - Replace original screenshot with scaled version
26149 [pool-6-thread-1] INFO net.thucydides.core.reports.html.HtmlAcceptanceTestReporter - GENERATING HTML REPORT FOR Regiter to imdb test:tegisterToImdb =&gt; 260479227b297e5cbbe19b86aa0233521b84a169e7c9f70ea2005993281a53ca.html
26158 [pool-6-thread-1] INFO net.thucydides.core.reports.ReportService - Report generated for Regiter to imdb test:tegisterToImdb
26187 [main] INFO net.thucydides.core.reports.ReportService - Reports generated in: 305
Iun 20, 2015 6:11:21 AM org.openqa.selenium.os.UnixProcess$SeleniumWatchDog destroyHarder
INFO: Command failed to close cleanly. Destroying forcefully (v2). org.openqa.selenium.os.UnixProcess$SeleniumWatchDog@410ae5ac
26707 [main] INFO net.serenitybdd.core.Serenity - Test Suite Started: Search on imdb test
26707 [main] INFO net.serenitybdd.core.Serenity - 
  _____ _____ ____ _____   ____ _____  _    ____ _____ _____ ____  
 |_   _| ____/ ___|_   _| / ___|_   _|/ \  |  _ \_   _| ____|  _ \ 
   | | |  _| \___ \ | |   \___ \ | | / _ \ | |_) || | |  _| | | | |
   | | | |___ ___) || |    ___) || |/ ___ \|  _ &lt; | | | |___| |_| |
   |_| |_____|____/ |_|   |____/ |_/_/   \_\_| \_\|_| |_____|____/ 
                                                                   

TEST STARTED: searchByKeyword
--------------------------------------------------------------------
26707 [main] INFO net.serenitybdd.core.Serenity - TEST NUMBER: 3
34422 [main] INFO net.thucydides.core.steps.StepInterceptor - STARTING STEP: SearchOnImdbTest.searchByKeyword - searchForKeyword
38036 [Screenshot Processor] INFO net.thucydides.core.screenshots.SingleThreadScreenshotProcessor - Processing screenshot: C:\Users\Remus\AppData\Local\Temp\screenshot3342819549344997702
38036 [main] INFO net.thucydides.core.steps.StepInterceptor - STEP DONE: searchForKeyword
38039 [main] INFO net.thucydides.core.steps.StepInterceptor - STARTING STEP: SearchOnImdbTest.searchByKeyword - verifyIfSearchResultContains
38041 [Screenshot Processor] INFO net.thucydides.core.screenshots.SingleThreadScreenshotProcessor - Processing screenshot completed
38812 [main] INFO net.thucydides.core.screenshots.Photographer - Failed to quickly delete screenshot screenshot1547285055761027960 : C:\Users\Remus\AppData\Local\Temp\screenshot1547285055761027960: The process cannot access the file because it is being used by another process.

38812 [main] INFO net.thucydides.core.steps.StepInterceptor - STEP DONE: verifyIfSearchResultContains
38814 [main] INFO net.thucydides.core.steps.StepInterceptor - STARTING STEP: SearchOnImdbTest.searchByKeyword - verifyIfSearchResultsContain
40032 [main] INFO net.thucydides.core.screenshots.Photographer - Failed to quickly delete screenshot screenshot2139852682661536194 : C:\Users\Remus\AppData\Local\Temp\screenshot2139852682661536194: The process cannot access the file because it is being used by another process.

40034 [main] INFO net.thucydides.core.steps.StepInterceptor - STEP FAILED: verifyIfSearchResultsContain - 
Expecting:
 &lt;&quot;Act Super Naturally&quot;&gt;
to contain:
 &lt;&quot;supernatural&quot;&gt;
 (ignoring case)
40036 [main] INFO net.serenitybdd.core.Serenity - 
           __  _____ _____ ____ _____   _____ _    ___ _     _____ ____  
  _       / / |_   _| ____/ ___|_   _| |  ___/ \  |_ _| |   | ____|  _ \ 
 (_)_____| |    | | |  _| \___ \ | |   | |_ / _ \  | || |   |  _| | | | |
  _|_____| |    | | | |___ ___) || |   |  _/ ___ \ | || |___| |___| |_| |
 (_)     | |    |_| |_____|____/ |_|   |_|/_/   \_\___|_____|_____|____/ 
          \_\                                                            

TEST FAILED: Search by keyword
--------------------------------------------------------------------------
40036 [main] INFO net.serenitybdd.core.Serenity - RELATED ISSUES: 
</system-err>
  </testcase>
</testsuite>